{"/home/nishant/Node_App_Typescript/src/app.ts": {"path":"/home/nishant/Node_App_Typescript/src/app.ts","statementMap":{"0":{"start":{"line":1,"column":0},"end":{"line":1,"column":29}},"1":{"start":{"line":2,"column":0},"end":{"line":2,"column":36}},"2":{"start":{"line":3,"column":0},"end":{"line":3,"column":27}},"3":{"start":{"line":4,"column":0},"end":{"line":4,"column":29}},"4":{"start":{"line":7,"column":0},"end":{"line":7,"column":16}},"5":{"start":{"line":10,"column":12},"end":{"line":10,"column":21}},"6":{"start":{"line":13,"column":0},"end":{"line":13,"column":42}},"7":{"start":{"line":14,"column":0},"end":{"line":14,"column":37}},"8":{"start":{"line":15,"column":0},"end":{"line":15,"column":27}},"9":{"start":{"line":16,"column":0},"end":{"line":16,"column":51}},"10":{"start":{"line":17,"column":0},"end":{"line":17,"column":24}},"11":{"start":{"line":19,"column":0},"end":{"line":19,"column":19}}},"fnMap":{},"branchMap":{"0":{"loc":{"start":{"line":13,"column":16},"end":{"line":13,"column":32}},"type":"binary-expr","locations":[{"start":{"line":13,"column":16},"end":{"line":13,"column":32}},{"start":{"line":13,"column":36},"end":{"line":13,"column":40}}]}},"s":{"0":2,"1":2,"2":2,"3":2,"4":2,"5":2,"6":2,"7":2,"8":2,"9":2,"10":2,"11":2},"f":{},"b":{"0":[2,2]}}
,"/home/nishant/Node_App_Typescript/src/database.ts": {"path":"/home/nishant/Node_App_Typescript/src/database.ts","statementMap":{"0":{"start":{"line":1,"column":0},"end":{"line":1,"column":31}},"1":{"start":{"line":2,"column":0},"end":{"line":2,"column":37}},"2":{"start":{"line":3,"column":0},"end":{"line":3,"column":36}},"3":{"start":{"line":6,"column":29},"end":{"line":6,"column":52}},"4":{"start":{"line":8,"column":24},"end":{"line":10,"column":1}},"5":{"start":{"line":13,"column":0},"end":{"line":13,"column":38}},"6":{"start":{"line":14,"column":0},"end":{"line":14,"column":34}},"7":{"start":{"line":17,"column":0},"end":{"line":17,"column":67}},"8":{"start":{"line":18,"column":0},"end":{"line":24,"column":1}},"9":{"start":{"line":19,"column":2},"end":{"line":19,"column":46}},"10":{"start":{"line":21,"column":4},"end":{"line":23,"column":7}},"11":{"start":{"line":22,"column":6},"end":{"line":22,"column":50}},"12":{"start":{"line":26,"column":0},"end":{"line":28,"column":1}},"13":{"start":{"line":27,"column":2},"end":{"line":27,"column":30}},"14":{"start":{"line":29,"column":0},"end":{"line":31,"column":3}},"15":{"start":{"line":30,"column":2},"end":{"line":30,"column":39}},"16":{"start":{"line":32,"column":0},"end":{"line":34,"column":3}},"17":{"start":{"line":33,"column":2},"end":{"line":33,"column":26}}},"fnMap":{"0":{"name":"(anonymous_1)","decl":{"start":{"line":21,"column":36},"end":{"line":21,"column":38}},"loc":{"start":{"line":21,"column":41},"end":{"line":23,"column":5}}},"1":{"name":"(anonymous_2)","decl":{"start":{"line":29,"column":36},"end":{"line":29,"column":38}},"loc":{"start":{"line":29,"column":41},"end":{"line":31,"column":1}}},"2":{"name":"(anonymous_3)","decl":{"start":{"line":32,"column":32},"end":{"line":32,"column":33}},"loc":{"start":{"line":32,"column":40},"end":{"line":34,"column":1}}}},"branchMap":{"0":{"loc":{"start":{"line":18,"column":0},"end":{"line":24,"column":1}},"type":"if","locations":[{"start":{"line":18,"column":0},"end":{"line":24,"column":1}},{"start":{"line":18,"column":0},"end":{"line":24,"column":1}}]},"1":{"loc":{"start":{"line":26,"column":0},"end":{"line":28,"column":1}},"type":"if","locations":[{"start":{"line":26,"column":0},"end":{"line":28,"column":1}},{"start":{"line":26,"column":0},"end":{"line":28,"column":1}}]}},"s":{"0":2,"1":2,"2":2,"3":2,"4":2,"5":2,"6":2,"7":2,"8":2,"9":0,"10":2,"11":1,"12":2,"13":2,"14":2,"15":1,"16":2,"17":0},"f":{"0":1,"1":1,"2":0},"b":{"0":[0,2],"1":[2,0]}}
,"/home/nishant/Node_App_Typescript/src/routes.ts": {"path":"/home/nishant/Node_App_Typescript/src/routes.ts","statementMap":{"0":{"start":{"line":1,"column":0},"end":{"line":1,"column":32}},"1":{"start":{"line":2,"column":0},"end":{"line":2,"column":57}},"2":{"start":{"line":4,"column":15},"end":{"line":4,"column":23}},"3":{"start":{"line":8,"column":0},"end":{"line":8,"column":58}},"4":{"start":{"line":9,"column":0},"end":{"line":9,"column":65}},"5":{"start":{"line":11,"column":0},"end":{"line":11,"column":22}}},"fnMap":{},"branchMap":{},"s":{"0":2,"1":2,"2":2,"3":2,"4":2,"5":2},"f":{},"b":{}}
,"/home/nishant/Node_App_Typescript/src/config/config.ts": {"path":"/home/nishant/Node_App_Typescript/src/config/config.ts","statementMap":{"0":{"start":{"line":6,"column":0},"end":{"line":6,"column":25}},"1":{"start":{"line":11,"column":0},"end":{"line":28,"column":2}},"2":{"start":{"line":14,"column":4},"end":{"line":17,"column":6}},"3":{"start":{"line":31,"column":0},"end":{"line":43,"column":2}},"4":{"start":{"line":46,"column":0},"end":{"line":46,"column":93}}},"fnMap":{},"branchMap":{"0":{"loc":{"start":{"line":34,"column":11},"end":{"line":34,"column":29}},"type":"binary-expr","locations":[{"start":{"line":34,"column":11},"end":{"line":34,"column":29}},{"start":{"line":34,"column":33},"end":{"line":34,"column":71}}]},"1":{"loc":{"start":{"line":40,"column":11},"end":{"line":40,"column":34}},"type":"binary-expr","locations":[{"start":{"line":40,"column":11},"end":{"line":40,"column":34}},{"start":{"line":40,"column":38},"end":{"line":40,"column":82}}]}},"s":{"0":2,"1":2,"2":2,"3":2,"4":2},"f":{},"b":{"0":[2,2],"1":[2,2]}}
,"/home/nishant/Node_App_Typescript/src/controllers/userController.ts": {"path":"/home/nishant/Node_App_Typescript/src/controllers/userController.ts","statementMap":{"0":{"start":{"line":1,"column":0},"end":{"line":1,"column":39}},"1":{"start":{"line":3,"column":0},"end":{"line":3,"column":36}},"2":{"start":{"line":4,"column":0},"end":{"line":4,"column":51}},"3":{"start":{"line":5,"column":0},"end":{"line":5,"column":35}},"4":{"start":{"line":10,"column":2},"end":{"line":39,"column":4}},"5":{"start":{"line":10,"column":55},"end":{"line":39,"column":3}},"6":{"start":{"line":11,"column":4},"end":{"line":38,"column":5}},"7":{"start":{"line":12,"column":22},"end":{"line":12,"column":51}},"8":{"start":{"line":13,"column":6},"end":{"line":13,"column":78}},"9":{"start":{"line":14,"column":38},"end":{"line":14,"column":45}},"10":{"start":{"line":15,"column":6},"end":{"line":17,"column":7}},"11":{"start":{"line":16,"column":8},"end":{"line":16,"column":85}},"12":{"start":{"line":19,"column":6},"end":{"line":19,"column":38}},"13":{"start":{"line":20,"column":6},"end":{"line":20,"column":50}},"14":{"start":{"line":21,"column":6},"end":{"line":21,"column":41}},"15":{"start":{"line":22,"column":19},"end":{"line":26,"column":7}},"16":{"start":{"line":28,"column":23},"end":{"line":28,"column":47}},"17":{"start":{"line":30,"column":6},"end":{"line":30,"column":38}},"18":{"start":{"line":31,"column":6},"end":{"line":34,"column":7}},"19":{"start":{"line":32,"column":8},"end":{"line":32,"column":34}},"20":{"start":{"line":33,"column":8},"end":{"line":33,"column":95}},"21":{"start":{"line":37,"column":6},"end":{"line":37,"column":50}},"22":{"start":{"line":42,"column":2},"end":{"line":70,"column":4}},"23":{"start":{"line":42,"column":52},"end":{"line":70,"column":3}},"24":{"start":{"line":43,"column":4},"end":{"line":69,"column":5}},"25":{"start":{"line":44,"column":24},"end":{"line":44,"column":56}},"26":{"start":{"line":46,"column":34},"end":{"line":46,"column":41}},"27":{"start":{"line":48,"column":8},"end":{"line":50,"column":9}},"28":{"start":{"line":49,"column":10},"end":{"line":49,"column":85}},"29":{"start":{"line":52,"column":8},"end":{"line":52,"column":43}},"30":{"start":{"line":53,"column":8},"end":{"line":53,"column":52}},"31":{"start":{"line":54,"column":21},"end":{"line":56,"column":9}},"32":{"start":{"line":58,"column":30},"end":{"line":58,"column":52}},"33":{"start":{"line":59,"column":8},"end":{"line":65,"column":8}},"34":{"start":{"line":60,"column":24},"end":{"line":60,"column":54}},"35":{"start":{"line":61,"column":10},"end":{"line":63,"column":11}},"36":{"start":{"line":62,"column":12},"end":{"line":62,"column":59}},"37":{"start":{"line":64,"column":10},"end":{"line":64,"column":89}},"38":{"start":{"line":66,"column":7},"end":{"line":66,"column":77}},"39":{"start":{"line":68,"column":6},"end":{"line":68,"column":50}},"40":{"start":{"line":73,"column":0},"end":{"line":73,"column":36}}},"fnMap":{"0":{"name":"(anonymous_7)","decl":{"start":{"line":7,"column":0},"end":{"line":null,"column":-1}},"loc":{"start":{"line":7,"column":0},"end":{"line":71,"column":1}}},"1":{"name":"(anonymous_8)","decl":{"start":{"line":10,"column":17},"end":{"line":10,"column":24}},"loc":{"start":{"line":10,"column":55},"end":{"line":39,"column":3}}},"2":{"name":"(anonymous_9)","decl":{"start":{"line":10,"column":55},"end":{"line":null,"column":-1}},"loc":{"start":{"line":10,"column":55},"end":{"line":39,"column":3}}},"3":{"name":"(anonymous_10)","decl":{"start":{"line":42,"column":14},"end":{"line":42,"column":21}},"loc":{"start":{"line":42,"column":52},"end":{"line":70,"column":3}}},"4":{"name":"(anonymous_11)","decl":{"start":{"line":42,"column":52},"end":{"line":null,"column":-1}},"loc":{"start":{"line":42,"column":52},"end":{"line":70,"column":3}}}},"branchMap":{"0":{"loc":{"start":{"line":15,"column":6},"end":{"line":17,"column":7}},"type":"if","locations":[{"start":{"line":15,"column":6},"end":{"line":17,"column":7}},{"start":{"line":15,"column":6},"end":{"line":17,"column":7}}]},"1":{"loc":{"start":{"line":15,"column":12},"end":{"line":15,"column":16}},"type":"binary-expr","locations":[{"start":{"line":15,"column":12},"end":{"line":15,"column":16}},{"start":{"line":15,"column":20},"end":{"line":15,"column":25}},{"start":{"line":15,"column":29},"end":{"line":15,"column":37}}]},"2":{"loc":{"start":{"line":31,"column":6},"end":{"line":34,"column":7}},"type":"if","locations":[{"start":{"line":31,"column":6},"end":{"line":34,"column":7}},{"start":{"line":31,"column":6},"end":{"line":34,"column":7}}]},"3":{"loc":{"start":{"line":31,"column":10},"end":{"line":31,"column":18}},"type":"binary-expr","locations":[{"start":{"line":31,"column":10},"end":{"line":31,"column":18}},{"start":{"line":31,"column":22},"end":{"line":31,"column":34}}]},"4":{"loc":{"start":{"line":48,"column":8},"end":{"line":50,"column":9}},"type":"if","locations":[{"start":{"line":48,"column":8},"end":{"line":50,"column":9}},{"start":{"line":48,"column":8},"end":{"line":50,"column":9}}]},"5":{"loc":{"start":{"line":48,"column":14},"end":{"line":48,"column":19}},"type":"binary-expr","locations":[{"start":{"line":48,"column":14},"end":{"line":48,"column":19}},{"start":{"line":48,"column":23},"end":{"line":48,"column":31}}]},"6":{"loc":{"start":{"line":59,"column":8},"end":{"line":65,"column":8}},"type":"if","locations":[{"start":{"line":59,"column":8},"end":{"line":65,"column":8}},{"start":{"line":59,"column":8},"end":{"line":65,"column":8}}]},"7":{"loc":{"start":{"line":59,"column":12},"end":{"line":59,"column":20}},"type":"binary-expr","locations":[{"start":{"line":59,"column":12},"end":{"line":59,"column":20}},{"start":{"line":59,"column":24},"end":{"line":59,"column":41}}]},"8":{"loc":{"start":{"line":61,"column":10},"end":{"line":63,"column":11}},"type":"if","locations":[{"start":{"line":61,"column":10},"end":{"line":63,"column":11}},{"start":{"line":61,"column":10},"end":{"line":63,"column":11}}]}},"s":{"0":2,"1":2,"2":2,"3":2,"4":2,"5":0,"6":0,"7":0,"8":0,"9":0,"10":0,"11":0,"12":0,"13":0,"14":0,"15":0,"16":0,"17":0,"18":0,"19":0,"20":0,"21":0,"22":2,"23":0,"24":0,"25":0,"26":0,"27":0,"28":0,"29":0,"30":0,"31":0,"32":0,"33":0,"34":0,"35":0,"36":0,"37":0,"38":0,"39":0,"40":2},"f":{"0":2,"1":0,"2":0,"3":0,"4":0},"b":{"0":[0,0],"1":[0,0,0],"2":[0,0],"3":[0,0],"4":[0,0],"5":[0,0],"6":[0,0],"7":[0,0],"8":[0,0]}}
,"/home/nishant/Node_App_Typescript/src/controllers/userMethods.ts": {"path":"/home/nishant/Node_App_Typescript/src/controllers/userMethods.ts","statementMap":{"0":{"start":{"line":1,"column":0},"end":{"line":1,"column":35}},"1":{"start":{"line":5,"column":2},"end":{"line":33,"column":4}},"2":{"start":{"line":5,"column":31},"end":{"line":33,"column":3}},"3":{"start":{"line":6,"column":4},"end":{"line":6,"column":59}},"4":{"start":{"line":7,"column":4},"end":{"line":32,"column":5}},"5":{"start":{"line":8,"column":6},"end":{"line":8,"column":47}},"6":{"start":{"line":9,"column":29},"end":{"line":11,"column":8}},"7":{"start":{"line":10,"column":8},"end":{"line":10,"column":30}},"8":{"start":{"line":12,"column":6},"end":{"line":12,"column":63}},"9":{"start":{"line":13,"column":6},"end":{"line":15,"column":7}},"10":{"start":{"line":14,"column":8},"end":{"line":14,"column":51}},"11":{"start":{"line":16,"column":22},"end":{"line":16,"column":46}},"12":{"start":{"line":17,"column":6},"end":{"line":17,"column":21}},"13":{"start":{"line":30,"column":6},"end":{"line":30,"column":37}},"14":{"start":{"line":31,"column":6},"end":{"line":31,"column":27}},"15":{"start":{"line":36,"column":2},"end":{"line":47,"column":4}},"16":{"start":{"line":36,"column":30},"end":{"line":47,"column":3}},"17":{"start":{"line":37,"column":4},"end":{"line":46,"column":5}},"18":{"start":{"line":38,"column":29},"end":{"line":38,"column":72}},"19":{"start":{"line":39,"column":6},"end":{"line":43,"column":7}},"20":{"start":{"line":40,"column":8},"end":{"line":40,"column":30}},"21":{"start":{"line":42,"column":8},"end":{"line":42,"column":42}},"22":{"start":{"line":45,"column":6},"end":{"line":45,"column":27}},"23":{"start":{"line":50,"column":0},"end":{"line":50,"column":27}}},"fnMap":{"0":{"name":"(anonymous_7)","decl":{"start":{"line":3,"column":0},"end":{"line":null,"column":-1}},"loc":{"start":{"line":3,"column":0},"end":{"line":48,"column":1}}},"1":{"name":"(anonymous_8)","decl":{"start":{"line":5,"column":11},"end":{"line":5,"column":18}},"loc":{"start":{"line":5,"column":31},"end":{"line":33,"column":3}}},"2":{"name":"(anonymous_9)","decl":{"start":{"line":5,"column":31},"end":{"line":null,"column":-1}},"loc":{"start":{"line":5,"column":31},"end":{"line":33,"column":3}}},"3":{"name":"(anonymous_10)","decl":{"start":{"line":9,"column":64},"end":{"line":9,"column":65}},"loc":{"start":{"line":9,"column":77},"end":{"line":11,"column":7}}},"4":{"name":"(anonymous_11)","decl":{"start":{"line":36,"column":10},"end":{"line":36,"column":17}},"loc":{"start":{"line":36,"column":30},"end":{"line":47,"column":3}}},"5":{"name":"(anonymous_12)","decl":{"start":{"line":36,"column":30},"end":{"line":null,"column":-1}},"loc":{"start":{"line":36,"column":30},"end":{"line":47,"column":3}}}},"branchMap":{"0":{"loc":{"start":{"line":13,"column":6},"end":{"line":15,"column":7}},"type":"if","locations":[{"start":{"line":13,"column":6},"end":{"line":15,"column":7}},{"start":{"line":13,"column":6},"end":{"line":15,"column":7}}]},"1":{"loc":{"start":{"line":39,"column":6},"end":{"line":43,"column":7}},"type":"if","locations":[{"start":{"line":39,"column":6},"end":{"line":43,"column":7}},{"start":{"line":39,"column":6},"end":{"line":43,"column":7}}]}},"s":{"0":2,"1":2,"2":0,"3":0,"4":0,"5":0,"6":0,"7":0,"8":0,"9":0,"10":0,"11":0,"12":0,"13":0,"14":0,"15":2,"16":0,"17":0,"18":0,"19":0,"20":0,"21":0,"22":0,"23":2},"f":{"0":2,"1":0,"2":0,"3":0,"4":0,"5":0},"b":{"0":[0,0],"1":[0,0]}}
,"/home/nishant/Node_App_Typescript/src/lib/base.ts": {"path":"/home/nishant/Node_App_Typescript/src/lib/base.ts","statementMap":{"0":{"start":{"line":2,"column":2},"end":{"line":5,"column":4}},"1":{"start":{"line":3,"column":18},"end":{"line":3,"column":22}},"2":{"start":{"line":4,"column":4},"end":{"line":4,"column":17}},"3":{"start":{"line":7,"column":2},"end":{"line":10,"column":4}},"4":{"start":{"line":8,"column":19},"end":{"line":8,"column":51}},"5":{"start":{"line":9,"column":4},"end":{"line":9,"column":18}},"6":{"start":{"line":12,"column":2},"end":{"line":15,"column":4}},"7":{"start":{"line":13,"column":22},"end":{"line":13,"column":30}},"8":{"start":{"line":14,"column":4},"end":{"line":14,"column":21}},"9":{"start":{"line":17,"column":2},"end":{"line":24,"column":4}},"10":{"start":{"line":18,"column":4},"end":{"line":22,"column":7}},"11":{"start":{"line":19,"column":6},"end":{"line":21,"column":7}},"12":{"start":{"line":20,"column":8},"end":{"line":20,"column":35}},"13":{"start":{"line":23,"column":4},"end":{"line":23,"column":15}},"14":{"start":{"line":27,"column":0},"end":{"line":27,"column":30}}},"fnMap":{"0":{"name":"(anonymous_0)","decl":{"start":{"line":1,"column":0},"end":{"line":null,"column":-1}},"loc":{"start":{"line":1,"column":0},"end":{"line":25,"column":1}}},"1":{"name":"(anonymous_1)","decl":{"start":{"line":2,"column":12},"end":{"line":2,"column":13}},"loc":{"start":{"line":2,"column":29},"end":{"line":5,"column":3}}},"2":{"name":"(anonymous_2)","decl":{"start":{"line":7,"column":13},"end":{"line":7,"column":14}},"loc":{"start":{"line":7,"column":31},"end":{"line":10,"column":3}}},"3":{"name":"(anonymous_3)","decl":{"start":{"line":12,"column":16},"end":{"line":12,"column":17}},"loc":{"start":{"line":12,"column":34},"end":{"line":15,"column":3}}},"4":{"name":"(anonymous_4)","decl":{"start":{"line":17,"column":13},"end":{"line":17,"column":14}},"loc":{"start":{"line":17,"column":26},"end":{"line":24,"column":3}}},"5":{"name":"(anonymous_5)","decl":{"start":{"line":18,"column":29},"end":{"line":18,"column":30}},"loc":{"start":{"line":18,"column":42},"end":{"line":22,"column":5}}}},"branchMap":{"0":{"loc":{"start":{"line":8,"column":27},"end":{"line":8,"column":46}},"type":"cond-expr","locations":[{"start":{"line":8,"column":27},"end":{"line":8,"column":46}},{"start":{"line":8,"column":49},"end":{"line":8,"column":51}}]},"1":{"loc":{"start":{"line":19,"column":6},"end":{"line":21,"column":7}},"type":"if","locations":[{"start":{"line":19,"column":6},"end":{"line":21,"column":7}},{"start":{"line":19,"column":6},"end":{"line":21,"column":7}}]}},"s":{"0":2,"1":0,"2":0,"3":2,"4":0,"5":0,"6":2,"7":0,"8":0,"9":2,"10":0,"11":0,"12":0,"13":0,"14":2},"f":{"0":2,"1":0,"2":0,"3":0,"4":0,"5":0},"b":{"0":[0,0],"1":[0,0]}}
,"/home/nishant/Node_App_Typescript/src/lib/responseHelper.ts": {"path":"/home/nishant/Node_App_Typescript/src/lib/responseHelper.ts","statementMap":{"0":{"start":{"line":5,"column":17},"end":{"line":30,"column":1}},"1":{"start":{"line":7,"column":4},"end":{"line":10,"column":5}},"2":{"start":{"line":9,"column":6},"end":{"line":9,"column":39}},"3":{"start":{"line":11,"column":27},"end":{"line":13,"column":5}},"4":{"start":{"line":15,"column":4},"end":{"line":23,"column":5}},"5":{"start":{"line":16,"column":6},"end":{"line":16,"column":28}},"6":{"start":{"line":17,"column":21},"end":{"line":17,"column":31}},"7":{"start":{"line":18,"column":6},"end":{"line":22,"column":9}},"8":{"start":{"line":19,"column":8},"end":{"line":21,"column":9}},"9":{"start":{"line":20,"column":10},"end":{"line":20,"column":56}},"10":{"start":{"line":24,"column":4},"end":{"line":24,"column":49}},"11":{"start":{"line":28,"column":4},"end":{"line":28,"column":45}},"12":{"start":{"line":32,"column":0},"end":{"line":32,"column":24}}},"fnMap":{"0":{"name":"(anonymous_0)","decl":{"start":{"line":6,"column":9},"end":{"line":6,"column":10}},"loc":{"start":{"line":6,"column":22},"end":{"line":25,"column":3}}},"1":{"name":"(anonymous_1)","decl":{"start":{"line":18,"column":34},"end":{"line":18,"column":35}},"loc":{"start":{"line":18,"column":43},"end":{"line":22,"column":7}}},"2":{"name":"(anonymous_2)","decl":{"start":{"line":27,"column":11},"end":{"line":27,"column":12}},"loc":{"start":{"line":27,"column":25},"end":{"line":29,"column":3}}}},"branchMap":{"0":{"loc":{"start":{"line":7,"column":4},"end":{"line":10,"column":5}},"type":"if","locations":[{"start":{"line":7,"column":4},"end":{"line":10,"column":5}},{"start":{"line":7,"column":4},"end":{"line":10,"column":5}}]},"1":{"loc":{"start":{"line":15,"column":4},"end":{"line":23,"column":5}},"type":"if","locations":[{"start":{"line":15,"column":4},"end":{"line":23,"column":5}},{"start":{"line":15,"column":4},"end":{"line":23,"column":5}}]},"2":{"loc":{"start":{"line":19,"column":8},"end":{"line":21,"column":9}},"type":"if","locations":[{"start":{"line":19,"column":8},"end":{"line":21,"column":9}},{"start":{"line":19,"column":8},"end":{"line":21,"column":9}}]}},"s":{"0":2,"1":0,"2":0,"3":0,"4":0,"5":0,"6":0,"7":0,"8":0,"9":0,"10":0,"11":0,"12":2},"f":{"0":0,"1":0,"2":0},"b":{"0":[0,0],"1":[0,0],"2":[0,0]}}
,"/home/nishant/Node_App_Typescript/src/models/Users.ts": {"path":"/home/nishant/Node_App_Typescript/src/models/Users.ts","statementMap":{"0":{"start":{"line":6,"column":0},"end":{"line":6,"column":31}},"1":{"start":{"line":8,"column":17},"end":{"line":8,"column":32}},"2":{"start":{"line":9,"column":15},"end":{"line":9,"column":23}},"3":{"start":{"line":11,"column":19},"end":{"line":31,"column":2}},"4":{"start":{"line":33,"column":14},"end":{"line":33,"column":48}},"5":{"start":{"line":34,"column":0},"end":{"line":34,"column":21}}},"fnMap":{},"branchMap":{},"s":{"0":2,"1":2,"2":2,"3":2,"4":2,"5":2},"f":{},"b":{}}
,"/home/nishant/Node_App_Typescript/test/fixtures/login.ts": {"path":"/home/nishant/Node_App_Typescript/test/fixtures/login.ts","statementMap":{"0":{"start":{"line":1,"column":0},"end":{"line":35,"column":2}}},"fnMap":{},"branchMap":{},"s":{"0":1},"f":{},"b":{}}
,"/home/nishant/Node_App_Typescript/test/fixtures/register.ts": {"path":"/home/nishant/Node_App_Typescript/test/fixtures/register.ts","statementMap":{"0":{"start":{"line":1,"column":0},"end":{"line":49,"column":2}}},"fnMap":{},"branchMap":{},"s":{"0":2},"f":{},"b":{}}
}
