TN:
SF:/home/nishant/Node_App_Typescript/src/app.ts
FNF:0
FNH:0
DA:1,2
DA:2,2
DA:3,2
DA:4,2
DA:7,2
DA:10,2
DA:13,2
DA:14,2
DA:15,2
DA:16,2
DA:17,2
DA:19,2
LF:12
LH:12
BRDA:13,0,0,2
BRDA:13,0,1,2
BRF:2
BRH:2
end_of_record
TN:
SF:/home/nishant/Node_App_Typescript/src/database.ts
FN:21,(anonymous_1)
FN:29,(anonymous_2)
FN:32,(anonymous_3)
FNF:3
FNH:2
FNDA:1,(anonymous_1)
FNDA:1,(anonymous_2)
FNDA:0,(anonymous_3)
DA:1,2
DA:2,2
DA:3,2
DA:6,2
DA:8,2
DA:13,2
DA:14,2
DA:17,2
DA:18,2
DA:19,0
DA:21,2
DA:22,1
DA:26,2
DA:27,2
DA:29,2
DA:30,1
DA:32,2
DA:33,0
LF:18
LH:16
BRDA:18,0,0,0
BRDA:18,0,1,2
BRDA:26,1,0,2
BRDA:26,1,1,0
BRF:4
BRH:2
end_of_record
TN:
SF:/home/nishant/Node_App_Typescript/src/routes.ts
FNF:0
FNH:0
DA:1,2
DA:2,2
DA:4,2
DA:8,2
DA:9,2
DA:11,2
LF:6
LH:6
BRF:0
BRH:0
end_of_record
TN:
SF:/home/nishant/Node_App_Typescript/src/config/config.ts
FNF:0
FNH:0
DA:6,2
DA:11,2
DA:14,2
DA:31,2
DA:46,2
LF:5
LH:5
BRDA:34,0,0,2
BRDA:34,0,1,2
BRDA:40,1,0,2
BRDA:40,1,1,2
BRF:4
BRH:4
end_of_record
TN:
SF:/home/nishant/Node_App_Typescript/src/controllers/userController.ts
FN:7,(anonymous_7)
FN:10,(anonymous_8)
FN:10,(anonymous_9)
FN:42,(anonymous_10)
FN:42,(anonymous_11)
FNF:5
FNH:1
FNDA:2,(anonymous_7)
FNDA:0,(anonymous_8)
FNDA:0,(anonymous_9)
FNDA:0,(anonymous_10)
FNDA:0,(anonymous_11)
DA:1,2
DA:3,2
DA:4,2
DA:5,2
DA:10,2
DA:11,0
DA:12,0
DA:13,0
DA:14,0
DA:15,0
DA:16,0
DA:19,0
DA:20,0
DA:21,0
DA:22,0
DA:28,0
DA:30,0
DA:31,0
DA:32,0
DA:33,0
DA:37,0
DA:42,2
DA:43,0
DA:44,0
DA:46,0
DA:48,0
DA:49,0
DA:52,0
DA:53,0
DA:54,0
DA:58,0
DA:59,0
DA:60,0
DA:61,0
DA:62,0
DA:64,0
DA:66,0
DA:68,0
DA:73,2
LF:39
LH:7
BRDA:15,0,0,0
BRDA:15,0,1,0
BRDA:15,1,0,0
BRDA:15,1,1,0
BRDA:15,1,2,0
BRDA:31,2,0,0
BRDA:31,2,1,0
BRDA:31,3,0,0
BRDA:31,3,1,0
BRDA:48,4,0,0
BRDA:48,4,1,0
BRDA:48,5,0,0
BRDA:48,5,1,0
BRDA:59,6,0,0
BRDA:59,6,1,0
BRDA:59,7,0,0
BRDA:59,7,1,0
BRDA:61,8,0,0
BRDA:61,8,1,0
BRF:19
BRH:0
end_of_record
TN:
SF:/home/nishant/Node_App_Typescript/src/controllers/userMethods.ts
FN:3,(anonymous_7)
FN:5,(anonymous_8)
FN:5,(anonymous_9)
FN:9,(anonymous_10)
FN:36,(anonymous_11)
FN:36,(anonymous_12)
FNF:6
FNH:1
FNDA:2,(anonymous_7)
FNDA:0,(anonymous_8)
FNDA:0,(anonymous_9)
FNDA:0,(anonymous_10)
FNDA:0,(anonymous_11)
FNDA:0,(anonymous_12)
DA:1,2
DA:5,2
DA:6,0
DA:7,0
DA:8,0
DA:9,0
DA:10,0
DA:12,0
DA:13,0
DA:14,0
DA:16,0
DA:17,0
DA:30,0
DA:31,0
DA:36,2
DA:37,0
DA:38,0
DA:39,0
DA:40,0
DA:42,0
DA:45,0
DA:50,2
LF:22
LH:4
BRDA:13,0,0,0
BRDA:13,0,1,0
BRDA:39,1,0,0
BRDA:39,1,1,0
BRF:4
BRH:0
end_of_record
TN:
SF:/home/nishant/Node_App_Typescript/src/lib/base.ts
FN:1,(anonymous_0)
FN:2,(anonymous_1)
FN:7,(anonymous_2)
FN:12,(anonymous_3)
FN:17,(anonymous_4)
FN:18,(anonymous_5)
FNF:6
FNH:1
FNDA:2,(anonymous_0)
FNDA:0,(anonymous_1)
FNDA:0,(anonymous_2)
FNDA:0,(anonymous_3)
FNDA:0,(anonymous_4)
FNDA:0,(anonymous_5)
DA:2,2
DA:3,0
DA:4,0
DA:7,2
DA:8,0
DA:9,0
DA:12,2
DA:13,0
DA:14,0
DA:17,2
DA:18,0
DA:19,0
DA:20,0
DA:23,0
DA:27,2
LF:15
LH:5
BRDA:8,0,0,0
BRDA:8,0,1,0
BRDA:19,1,0,0
BRDA:19,1,1,0
BRF:4
BRH:0
end_of_record
TN:
SF:/home/nishant/Node_App_Typescript/src/lib/responseHelper.ts
FN:6,(anonymous_0)
FN:18,(anonymous_1)
FN:27,(anonymous_2)
FNF:3
FNH:0
FNDA:0,(anonymous_0)
FNDA:0,(anonymous_1)
FNDA:0,(anonymous_2)
DA:5,2
DA:7,0
DA:9,0
DA:11,0
DA:15,0
DA:16,0
DA:17,0
DA:18,0
DA:19,0
DA:20,0
DA:24,0
DA:28,0
DA:32,2
LF:13
LH:2
BRDA:7,0,0,0
BRDA:7,0,1,0
BRDA:15,1,0,0
BRDA:15,1,1,0
BRDA:19,2,0,0
BRDA:19,2,1,0
BRF:6
BRH:0
end_of_record
TN:
SF:/home/nishant/Node_App_Typescript/src/models/Users.ts
FNF:0
FNH:0
DA:6,2
DA:8,2
DA:9,2
DA:11,2
DA:33,2
DA:34,2
LF:6
LH:6
BRF:0
BRH:0
end_of_record
TN:
SF:/home/nishant/Node_App_Typescript/test/fixtures/login.ts
FNF:0
FNH:0
DA:1,1
LF:1
LH:1
BRF:0
BRH:0
end_of_record
TN:
SF:/home/nishant/Node_App_Typescript/test/fixtures/register.ts
FNF:0
FNH:0
DA:1,2
LF:1
LH:1
BRF:0
BRH:0
end_of_record
