TN:
SF:/home/nishant/Node_App_Typescript/src/app.ts
FNF:0
FNH:0
DA:1,2
DA:2,2
DA:3,2
DA:4,2
DA:7,2
DA:10,2
DA:13,2
DA:14,2
DA:15,2
DA:16,2
DA:17,2
DA:19,2
LF:12
LH:12
BRDA:13,0,0,2
BRDA:13,0,1,2
BRF:2
BRH:2
end_of_record
TN:
SF:/home/nishant/Node_App_Typescript/src/database.ts
FN:21,(anonymous_1)
FN:29,(anonymous_2)
FN:32,(anonymous_3)
FNF:3
FNH:2
FNDA:2,(anonymous_1)
FNDA:2,(anonymous_2)
FNDA:0,(anonymous_3)
DA:1,2
DA:2,2
DA:3,2
DA:6,2
DA:8,2
DA:13,2
DA:14,2
DA:17,2
DA:18,2
DA:19,0
DA:21,2
DA:22,2
DA:26,2
DA:27,2
DA:29,2
DA:30,2
DA:32,2
DA:33,0
LF:18
LH:16
BRDA:18,0,0,0
BRDA:18,0,1,2
BRDA:26,1,0,2
BRDA:26,1,1,0
BRF:4
BRH:2
end_of_record
TN:
SF:/home/nishant/Node_App_Typescript/src/routes.ts
FNF:0
FNH:0
DA:1,2
DA:2,2
DA:4,2
DA:8,2
DA:9,2
DA:11,2
LF:6
LH:6
BRF:0
BRH:0
end_of_record
TN:
SF:/home/nishant/Node_App_Typescript/src/config/config.ts
FNF:0
FNH:0
DA:6,2
DA:11,2
DA:14,2
DA:31,2
DA:46,2
LF:5
LH:5
BRDA:34,0,0,2
BRDA:34,0,1,2
BRDA:40,1,0,2
BRDA:40,1,1,2
BRF:4
BRH:4
end_of_record
TN:
SF:/home/nishant/Node_App_Typescript/src/controllers/userController.ts
FN:7,(anonymous_7)
FN:10,(anonymous_8)
FN:10,(anonymous_9)
FN:40,(anonymous_10)
FN:40,(anonymous_11)
FNF:5
FNH:5
FNDA:2,(anonymous_7)
FNDA:6,(anonymous_8)
FNDA:6,(anonymous_9)
FNDA:6,(anonymous_10)
FNDA:6,(anonymous_11)
DA:1,2
DA:3,2
DA:4,2
DA:10,6
DA:11,6
DA:12,6
DA:13,6
DA:14,6
DA:15,4
DA:18,2
DA:19,2
DA:20,2
DA:21,2
DA:26,2
DA:28,2
DA:29,2
DA:30,1
DA:31,1
DA:33,1
DA:35,0
DA:40,6
DA:41,6
DA:42,6
DA:43,6
DA:45,6
DA:46,0
DA:49,6
DA:50,6
DA:51,6
DA:55,6
DA:56,6
DA:57,6
DA:58,3
DA:59,3
DA:60,1
DA:62,2
DA:65,3
DA:67,0
DA:72,2
LF:39
LH:36
BRDA:14,0,0,4
BRDA:14,0,1,2
BRDA:14,1,0,6
BRDA:14,1,1,4
BRDA:14,1,2,3
BRDA:29,2,0,1
BRDA:29,2,1,1
BRDA:29,3,0,2
BRDA:29,3,1,2
BRDA:45,4,0,0
BRDA:45,4,1,6
BRDA:45,5,0,6
BRDA:45,5,1,6
BRDA:57,6,0,3
BRDA:57,6,1,3
BRDA:57,7,0,6
BRDA:57,7,1,6
BRDA:59,8,0,1
BRDA:59,8,1,2
BRF:19
BRH:18
end_of_record
TN:
SF:/home/nishant/Node_App_Typescript/src/controllers/userMethods.ts
FN:3,(anonymous_7)
FN:5,(anonymous_8)
FN:5,(anonymous_9)
FN:21,(anonymous_10)
FN:21,(anonymous_11)
FNF:5
FNH:5
FNDA:2,(anonymous_7)
FNDA:2,(anonymous_8)
FNDA:2,(anonymous_9)
FNDA:6,(anonymous_10)
FNDA:6,(anonymous_11)
DA:1,2
DA:5,2
DA:6,2
DA:7,2
DA:8,2
DA:9,1
DA:11,1
DA:12,1
DA:14,0
DA:16,0
DA:21,6
DA:22,6
DA:23,6
DA:24,6
DA:25,6
DA:26,3
DA:28,3
DA:31,0
DA:36,2
LF:19
LH:16
BRDA:8,0,0,1
BRDA:8,0,1,1
BRDA:25,1,0,3
BRDA:25,1,1,3
BRF:4
BRH:4
end_of_record
TN:
SF:/home/nishant/Node_App_Typescript/src/lib/base.ts
FN:1,(anonymous_0)
FN:2,(anonymous_1)
FN:7,(anonymous_2)
FN:12,(anonymous_3)
FN:17,(anonymous_4)
FN:18,(anonymous_5)
FNF:6
FNH:6
FNDA:2,(anonymous_0)
FNDA:2,(anonymous_1)
FNDA:8,(anonymous_2)
FNDA:8,(anonymous_3)
FNDA:12,(anonymous_4)
FNDA:54,(anonymous_5)
DA:2,2
DA:3,2
DA:4,2
DA:7,2
DA:8,8
DA:9,8
DA:12,2
DA:13,8
DA:14,8
DA:17,2
DA:18,12
DA:19,54
DA:20,48
DA:23,12
DA:27,2
LF:15
LH:15
BRDA:8,0,0,8
BRDA:8,0,1,0
BRDA:19,1,0,48
BRDA:19,1,1,6
BRF:4
BRH:3
end_of_record
TN:
SF:/home/nishant/Node_App_Typescript/src/lib/responseHelper.ts
FN:6,(anonymous_0)
FN:18,(anonymous_1)
FN:27,(anonymous_2)
FNF:3
FNH:2
FNDA:10,(anonymous_0)
FNDA:0,(anonymous_1)
FNDA:2,(anonymous_2)
DA:4,2
DA:5,2
DA:7,10
DA:9,0
DA:11,10
DA:15,10
DA:16,0
DA:17,0
DA:18,0
DA:19,0
DA:20,0
DA:24,10
DA:28,2
DA:32,2
LF:14
LH:8
BRDA:7,0,0,0
BRDA:7,0,1,10
BRDA:15,1,0,0
BRDA:15,1,1,10
BRDA:19,2,0,0
BRDA:19,2,1,0
BRF:6
BRH:2
end_of_record
TN:
SF:/home/nishant/Node_App_Typescript/src/models/Users.ts
FNF:0
FNH:0
DA:6,2
DA:8,2
DA:9,2
DA:11,2
DA:33,2
DA:34,2
LF:6
LH:6
BRF:0
BRH:0
end_of_record
TN:
SF:/home/nishant/Node_App_Typescript/test/fixtures/login.ts
FNF:0
FNH:0
DA:1,1
LF:1
LH:1
BRF:0
BRH:0
end_of_record
TN:
SF:/home/nishant/Node_App_Typescript/test/fixtures/register.ts
FNF:0
FNH:0
DA:1,2
LF:1
LH:1
BRF:0
BRH:0
end_of_record
